<?xml version="1.0" encoding="UTF-8"?>
<beans xmlns="http://www.springframework.org/schema/beans"
       xmlns:xsi="http://www.w3.org/2001/XMLSchema-instance"
       xsi:schemaLocation="http://www.springframework.org/schema/beans http://www.springframework.org/schema/beans/spring-beans.xsd">

    <bean id="expectedSingleRouteAtStopToMonitor" class="com.btanabe.busnotifier.configuration.RouteAtStopToMonitor">
        <constructor-arg name="routeId" value="1_100009"/>
        <constructor-arg name="stopId" value="1_1000"/>
        <constructor-arg name="stopName" value="Pine St &amp; 9th Ave"/>
    </bean>
</beans>