<?xml version="1.0" encoding="UTF-8"?>
<beans xmlns="http://www.springframework.org/schema/beans"
       xmlns:xsi="http://www.w3.org/2001/XMLSchema-instance"
       xsi:schemaLocation="http://www.springframework.org/schema/beans http://www.springframework.org/schema/beans/spring-beans.xsd">

    <bean id="testRetryListener" class="com.bttanabe.busnotifier.test.factories.TestRetryListenerFactory"/>

    <bean id="totalAttemptCount" class="java.lang.Integer">
        <constructor-arg value="5"/>
    </bean>

    <bean id="testRetryStrategy" class="com.btanabe.busnotifier.factories.OneBusAwayRetryStrategyFactory">
        <property name="totalRequestTimeoutInSeconds" value="5"/>
        <property name="totalAttemptCount" ref="totalAttemptCount"/>
        <property name="baseMultiplier" value="1"/>
        <property name="retryListener" ref="testRetryListener"/>
    </bean>
</beans>