<?xml version="1.0" encoding="UTF-8"?>
<beans xmlns="http://www.springframework.org/schema/beans"
       xmlns:xsi="http://www.w3.org/2001/XMLSchema-instance"
       xsi:schemaLocation="http://www.springframework.org/schema/beans http://www.springframework.org/schema/beans/spring-beans.xsd">

    <import resource="classpath*:/spring-configuration/common/test-secrets-configuration.xml"/>
    <import resource="classpath*:/spring-configuration/one-bus-away-configurations/test-retry-strategy-configurations.xml"/>

    <bean id="testOneBusAwayApiInterface"
          class="com.bttanabe.busnotifier.test.utilities.TestableOneBusAwayApiInterface">
        <constructor-arg ref="testOneBusAwayKeyProvider"/>
        <constructor-arg ref="testRetryStrategy"/>
        <property name="keyProvider" ref="testOneBusAwayKeyProvider"/>
        <property name="retryer" ref="testRetryStrategy"/>
    </bean>

</beans>