<?xml version="1.0" encoding="UTF-8"?>
<beans xmlns="http://www.springframework.org/schema/beans"
       xmlns:xsi="http://www.w3.org/2001/XMLSchema-instance"
       xsi:schemaLocation="http://www.springframework.org/schema/beans http://www.springframework.org/schema/beans/spring-beans.xsd">

    <bean id="expectedApplicationConfiguration" class="com.btanabe.busnotifier.configuration.ApplicationConfiguration">
        <constructor-arg name="updateFrequency" value="60"/>
        <constructor-arg name="updateFrequencyTimeUnit" value="SECONDS"/>
    </bean>

    <bean id="testApplicationConfiguration" class="com.btanabe.busnotifier.configuration.ApplicationConfiguration">
        <constructor-arg name="updateFrequency" value="10"/>
        <constructor-arg name="updateFrequencyTimeUnit" value="MILLISECONDS"/>
    </bean>
</beans>